[4mRunning "newer:jshint" (newer) task[24m

[4mRunning "newer:jshint:all" (newer) task[24m
No newer files to process.

[4mRunning "newer:jshint:test" (newer) task[24m
No newer files to process.

[4mRunning "clean:server" (clean) task[24m
Cleaning .tmp...[32mOK[39m

[4mRunning "concurrent:test" (concurrent) task[24m
[4mRunning "copy:styles" (copy) task[24m
Copied [36m1[39m files

[32mDone, without errors.[39m


Execution Time (2014-09-09 18:03:49 UTC)
loading tasks  7ms  ▇▇▇▇▇▇▇▇▇▇▇▇▇▇▇▇▇▇▇▇ 41%
copy:styles    9ms  ▇▇▇▇▇▇▇▇▇▇▇▇▇▇▇▇▇▇▇▇▇▇▇▇▇ 53%
Total 17ms

    
    
    
[4mRunning "autoprefixer:dist" (autoprefixer) task[24m
File .tmp/styles/main.css created.

[4mRunning "connect:test" (connect) task[24m
Started connect web server on http://0.0.0.0:9001

[4mRunning "karma:unit" (karma) task[24m
[32mINFO [karma]: [39mKarma v0.12.23 server started at http://localhost:8080/
[32mINFO [launcher]: [39mStarting browser PhantomJS
[32mINFO [PhantomJS 1.9.7 (Linux)]: [39mConnected on socket r0QT9oI98RzoVADxlf17 with id 67439188
PhantomJS 1.9.7 (Linux): Executed 0 of 2[32m SUCCESS[39m (0 secs / 0 secs)
[1A[2KPhantomJS 1.9.7 (Linux): Executed 1 of 2[32m SUCCESS[39m (0 secs / 0.005 secs)
[1A[2KPhantomJS 1.9.7 (Linux): Executed 2 of 2[32m SUCCESS[39m (0 secs / 0.006 secs)
[1A[2KPhantomJS 1.9.7 (Linux): Executed 2 of 2[32m SUCCESS[39m (0.039 secs / 0.006 secs)

[4mRunning "auto_install" task[24m
running "npm install"...
done.
running "bower install"...
done.

[4mRunning "clean:dist" (clean) task[24m
Cleaning .tmp...[32mOK[39m
Cleaning dist/.htaccess...[32mOK[39m
Cleaning dist/404.html...[32mOK[39m
Cleaning dist/fonts...[32mOK[39m
Cleaning dist/icons...[32mOK[39m
Cleaning dist/index.html...[32mOK[39m
Cleaning dist/scripts...[32mOK[39m
Cleaning dist/styles...[32mOK[39m
Cleaning dist/views...[32mOK[39m

[4mRunning "favicons:icons" (favicons) task[24m
Resizing images for "local/logo.png"... [32mOK[39m
favicon.ico... [32mOK[39m
favicon.png... [32mOK[39m
apple-touch-icon.png... [32mOK[39m
apple-touch-icon-60x60-precomposed.png... [32mOK[39m
apple-touch-icon-72x72.png... [32mOK[39m
apple-touch-icon-76x76-precomposed.png... [32mOK[39m
apple-touch-icon-114x114.png... [32mOK[39m
apple-touch-icon-120x120-precomposed.png... [32mOK[39m
apple-touch-icon-144x144.png... [32mOK[39m
apple-touch-icon-152x152-precomposed.png... [32mOK[39m
homescreen-196x196.png... [32mOK[39m
windows-tile-144x144.png... [32mOK[39m
Updating HTML... [32mOK[39m

[4mRunning "wiredep:app" (wiredep) task[24m

[4mRunning "useminPrepare:html" (useminPrepare) task[24m
Going through [36mapp/index.html[39m to update the config
Looking for build script HTML comment blocks

[1mConfiguration is now:[22m

[1m  concat:[22m
  { generated: 
   { files: 
      [ { dest: [32m'.tmp/concat/scripts/oldieshim.js'[39m,
          src: 
           [ [32m'bower_components/es5-shim/es5-shim.js'[39m,
             [32m'bower_components/json3/lib/json3.min.js'[39m ] },
        { dest: [32m'.tmp/concat/scripts/vendor.js'[39m,
          src: 
           [ [32m'bower_components/jquery/dist/jquery.js'[39m,
             [32m'bower_components/angular/angular.js'[39m,
             [32m'bower_components/json3/lib/json3.js'[39m,
             [32m'bower_components/bootstrap/dist/js/bootstrap.js'[39m,
             [32m'bower_components/angular-route/angular-route.js'[39m,
             [32m'bower_components/angular-sanitize/angular-sanitize.js'[39m,
             [32m'bower_components/firebase/firebase.js'[39m,
             [32m'bower_components/firebase-simple-login/firebase-simple-login.js'[39m,
             [32m'bower_components/angularfire/angularfire.js'[39m,
             [32m'bower_components/angular-bootstrap/ui-bootstrap-tpls.js'[39m,
             [32m'bower_components/toastr/toastr.js'[39m,
             [32m'bower_components/ngAutocomplete/src/ngAutocomplete.js'[39m,
             [32m'bower_components/angular-md5/angular-md5.js'[39m ] },
        { dest: [32m'.tmp/concat/scripts/scripts.js'[39m,
          src: 
           [ [32m'{.tmp,app}/scripts/app.js'[39m,
             [32m'{.tmp,app}/scripts/prototypes.js'[39m,
             [32m'{.tmp,app}/scripts/controllers/home.js'[39m,
             [32m'{.tmp,app}/scripts/controllers/auth.js'[39m,
             [32m'{.tmp,app}/scripts/controllers/nav.js'[39m,
             [32m'{.tmp,app}/scripts/controllers/orders.js'[39m,
             [32m'{.tmp,app}/scripts/controllers/customers.js'[39m,
             [32m'{.tmp,app}/scripts/controllers/serviceReports.js'[39m,
             [32m'{.tmp,app}/scripts/controllers/contacts.js'[39m,
             [32m'{.tmp,app}/scripts/controllers/about.js'[39m,
             [32m'{.tmp,app}/scripts/controllers/orderview.js'[39m,
             [32m'{.tmp,app}/scripts/controllers/users.js'[39m,
             [32m'{.tmp,app}/scripts/controllers/modalInstance.js'[39m,
             [32m'{.tmp,app}/scripts/services/auth.js'[39m,
             [32m'{.tmp,app}/scripts/services/order.js'[39m,
             [32m'{.tmp,app}/scripts/services/customer.js'[39m,
             [32m'{.tmp,app}/scripts/services/serviceReport.js'[39m,
             [32m'{.tmp,app}/scripts/services/user.js'[39m,
             [32m'{.tmp,app}/scripts/services/toaster.js'[39m,
             [32m'{.tmp,app}/scripts/services/dateTime.js'[39m,
             [32m'{.tmp,app}/scripts/directives/navCollapse.js'[39m,
             [32m'{.tmp,app}/scripts/directives/autoFillSync.js'[39m,
             [32m'{.tmp,app}/scripts/directives/autoFocus.js'[39m,
             [32m'{.tmp,app}/scripts/directives/equals.js'[39m,
             [32m'{.tmp,app}/scripts/directives/reallyClick.js'[39m,
             [32m'{.tmp,app}/scripts/directives/validations.js'[39m,
             [32m'{.tmp,app}/scripts/directives/keypresses.js'[39m,
             [32m'{.tmp,app}/scripts/directives/dom.js'[39m,
             [32m'{.tmp,app}/scripts/filters/url.js'[39m,
             [32m'{.tmp,app}/scripts/filters/searchServiceReport.js'[39m ] } ] } }

[1m  uglify:[22m
  { generated: 
   { files: 
      [ { dest: [32m'dist/scripts/oldieshim.js'[39m,
          src: [ [32m'.tmp/concat/scripts/oldieshim.js'[39m ] },
        { dest: [32m'dist/scripts/vendor.js'[39m,
          src: [ [32m'.tmp/concat/scripts/vendor.js'[39m ] },
        { dest: [32m'dist/scripts/scripts.js'[39m,
          src: [ [32m'.tmp/concat/scripts/scripts.js'[39m ] } ] } }

[1m  cssmin:[22m
  { generated: 
   { files: 
      [ { dest: [32m'dist/styles/vendor.css'[39m,
          src: 
           [ [32m'bower_components/bootstrap/dist/css/bootstrap.css'[39m,
             [32m'bower_components/toastr/toastr.css'[39m,
             [32m'bower_components/font-awesome/css/font-awesome.css'[39m,
             [32m'bower_components/bootstrap-social/bootstrap-social.css'[39m ] },
        { dest: [32m'dist/styles/main.css'[39m,
          src: [ [32m'.tmp/styles/main.css'[39m ] } ] } }

[4mRunning "concurrent:dist" (concurrent) task[24m
[4mRunning "svgmin:dist" (svgmin) task[24m
[4mRunning "imagemin:dist" (imagemin) task[24m
Minified 0 images (saved 0 B)

[32mDone, without errors.[39m


Execution Time (2014-09-09 18:03:59 UTC)
Total saved: 0 B
loading tasks   8ms  ▇▇▇▇▇▇▇▇▇▇▇▇▇▇▇▇▇▇▇ 40%
imagemin:dist  11ms  ▇▇▇▇▇▇▇▇▇▇▇▇▇▇▇▇▇▇▇▇▇▇▇▇▇▇ 55%
Total 20ms


[32mDone, without errors.[39m


Execution Time (2014-09-09 18:03:59 UTC)
    
    
     12ms  ▇▇▇▇▇▇▇▇ 16%
svgmin:dist    60ms  ▇▇▇▇▇▇▇▇▇▇▇▇▇▇▇▇▇▇▇▇▇▇▇▇▇▇▇▇▇▇▇▇▇▇▇▇▇▇▇ 82%
Total 73ms

    
    
    [4mRunning "copy:styles" (copy) task[24m
Copied [36m1[39m files

[32mDone, without errors.[39m


Execution Time (2014-09-09 18:03:59 UTC)
loading tasks  7ms  ▇▇▇▇▇▇▇▇▇▇▇▇▇▇▇▇▇▇▇▇ 41%
copy:styles    9ms  ▇▇▇▇▇▇▇▇▇▇▇▇▇▇▇▇▇▇▇▇▇▇▇▇▇ 53%
Total 17ms

    
    
    
[4mRunning "autoprefixer:dist" (autoprefixer) task[24m
File .tmp/styles/main.css created.

[4mRunning "concat:generated" (concat) task[24m
File .tmp/concat/scripts/oldieshim.js created.
File .tmp/concat/scripts/vendor.js created.
File .tmp/concat/scripts/scripts.js created.

[4mRunning "ngmin:dist" (ngmin) task[24m
ngminifying [36m.tmp/concat/scripts/oldieshim.js[39m, [36m.tmp/concat/scripts/scripts.js[39m, [36m.tmp/concat/scripts/vendor.js[39m

[4mRunning "copy:dist" (copy) task[24m
Copied [36m45[39m files

[4mRunning "cdnify:dist" (cdnify) task[24m
Going through [36mdist/404.html[39m, [36mdist/index.html[39m to update script refs

[4mRunning "cssmin:generated" (cssmin) task[24m
File dist/styles/vendor.css created: 185.44 kB → 154.94 kB
File dist/styles/main.css created: 8.71 kB → 4.94 kB

[4mRunning "uglify:generated" (uglify) task[24m
File dist/scripts/oldieshim.js created: 61.55 kB → 21.25 kB
File dist/scripts/vendor.js created: 1.53 MB → 470.36 kB
File dist/scripts/scripts.js created: 65.14 kB → 28.99 kB

[4mRunning "filerev:dist" (filerev) task[24m
✔ dist/scripts/oldieshim.js changed to oldieshim.ff90b0fb.js
✔ dist/scripts/scripts.js changed to scripts.6f4c59cb.js
✔ dist/scripts/vendor.js changed to vendor.9f80460b.js
✔ dist/styles/main.css changed to main.22fd4fe8.css
✔ dist/styles/vendor.css changed to vendor.d684320e.css
✔ dist/fonts/FontAwesome.otf changed to FontAwesome.e0ab07ea.otf
✔ dist/fonts/fontawesome-webfont.eot changed to fontawesome-webfont.95359e88.eot
✔ dist/fonts/fontawesome-webfont.svg changed to fontawesome-webfont.65bcbc89.svg
✔ dist/fonts/fontawesome-webfont.ttf changed to fontawesome-webfont.1a3d5549.ttf
✔ dist/fonts/fontawesome-webfont.woff changed to fontawesome-webfont.d795ef01.woff
✔ dist/fonts/glyphicons-halflings-regular.eot changed to glyphicons-halflings-regular.7e862de5.eot
✔ dist/fonts/glyphicons-halflings-regular.svg changed to glyphicons-halflings-regular.32941d63.svg
✔ dist/fonts/glyphicons-halflings-regular.ttf changed to glyphicons-halflings-regular.8d6dcd16.ttf
✔ dist/fonts/glyphicons-halflings-regular.woff changed to glyphicons-halflings-regular.6b1bb734.woff

[4mRunning "usemin:html" (usemin) task[24m

[1mProcessing as HTML - dist/404.html[22m
Update the HTML to reference our concat/min/revved script files
Update the HTML with the new css filenames
Update the HTML with the new img filenames
Update the HTML with the new video filenames
Update the HTML with the new poster filenames
Update the HTML with the new source filenames
Update the HTML with data-main tags
Update the HTML with data-* tags
Update the HTML with background imgs, case there is some inline style
Update the HTML with anchors images
Update the HTML with reference in input
Update the HTML with the new img filenames in meta tags
Update the HTML with the new object filenames
Update the HTML with the new image filenames for svg xlink:href links
Update the HTML with the new image filenames for src links

[1mProcessing as HTML - dist/index.html[22m
Update the HTML to reference our concat/min/revved script files
<script src="scripts/oldieshim.js" changed to <script src="scripts/oldieshim.ff90b0fb.js"
<script src="scripts/vendor.js" changed to <script src="scripts/vendor.9f80460b.js"
<script src="scripts/scripts.js" changed to <script src="scripts/scripts.6f4c59cb.js"
Update the HTML with the new css filenames
<link rel="stylesheet" href="styles/vendor.css" changed to <link rel="stylesheet" href="styles/vendor.d684320e.css"
<link rel="stylesheet" href="styles/main.css" changed to <link rel="stylesheet" href="styles/main.22fd4fe8.css"
Update the HTML with the new img filenames
Update the HTML with the new video filenames
Update the HTML with the new poster filenames
Update the HTML with the new source filenames
Update the HTML with data-main tags
Update the HTML with data-* tags
Update the HTML with background imgs, case there is some inline style
Update the HTML with anchors images
Update the HTML with reference in input
Update the HTML with the new img filenames in meta tags
Update the HTML with the new object filenames
Update the HTML with the new image filenames for svg xlink:href links
Update the HTML with the new image filenames for src links

[1mProcessing as HTML - dist/views/about.html[22m
Update the HTML to reference our concat/min/revved script files
Update the HTML with the new css filenames
Update the HTML with the new img filenames
Update the HTML with the new video filenames
Update the HTML with the new poster filenames
Update the HTML with the new source filenames
Update the HTML with data-main tags
Update the HTML with data-* tags
Update the HTML with background imgs, case there is some inline style
Update the HTML with anchors images
Update the HTML with reference in input
Update the HTML with the new img filenames in meta tags
Update the HTML with the new object filenames
Update the HTML with the new image filenames for svg xlink:href links
Update the HTML with the new image filenames for src links

[1mProcessing as HTML - dist/views/contacts.html[22m
Update the HTML to reference our concat/min/revved script files
Update the HTML with the new css filenames
Update the HTML with the new img filenames
Update the HTML with the new video filenames
Update the HTML with the new poster filenames
Update the HTML with the new source filenames
Update the HTML with data-main tags
Update the HTML with data-* tags
Update the HTML with background imgs, case there is some inline style
Update the HTML with anchors images
Update the HTML with reference in input
Update the HTML with the new img filenames in meta tags
Update the HTML with the new object filenames
Update the HTML with the new image filenames for svg xlink:href links
Update the HTML with the new image filenames for src links

[1mProcessing as HTML - dist/views/customers.html[22m
Update the HTML to reference our concat/min/revved script files
Update the HTML with the new css filenames
Update the HTML with the new img filenames
Update the HTML with the new video filenames
Update the HTML with the new poster filenames
Update the HTML with the new source filenames
Update the HTML with data-main tags
Update the HTML with data-* tags
Update the HTML with background imgs, case there is some inline style
Update the HTML with anchors images
Update the HTML with reference in input
Update the HTML with the new img filenames in meta tags
Update the HTML with the new object filenames
Update the HTML with the new image filenames for svg xlink:href links
Update the HTML with the new image filenames for src links

[1mProcessing as HTML - dist/views/footer.html[22m
Update the HTML to reference our concat/min/revved script files
Update the HTML with the new css filenames
Update the HTML with the new img filenames
Update the HTML with the new video filenames
Update the HTML with the new poster filenames
Update the HTML with the new source filenames
Update the HTML with data-main tags
Update the HTML with data-* tags
Update the HTML with background imgs, case there is some inline style
Update the HTML with anchors images
Update the HTML with reference in input
Update the HTML with the new img filenames in meta tags
Update the HTML with the new object filenames
Update the HTML with the new image filenames for svg xlink:href links
Update the HTML with the new image filenames for src links

[1mProcessing as HTML - dist/views/home.html[22m
Update the HTML to reference our concat/min/revved script files
Update the HTML with the new css filenames
Update the HTML with the new img filenames
Update the HTML with the new video filenames
Update the HTML with the new poster filenames
Update the HTML with the new source filenames
Update the HTML with data-main tags
Update the HTML with data-* tags
Update the HTML with background imgs, case there is some inline style
Update the HTML with anchors images
Update the HTML with reference in input
Update the HTML with the new img filenames in meta tags
Update the HTML with the new object filenames
Update the HTML with the new image filenames for svg xlink:href links
Update the HTML with the new image filenames for src links

[1mProcessing as HTML - dist/views/login.html[22m
Update the HTML to reference our concat/min/revved script files
Update the HTML with the new css filenames
Update the HTML with the new img filenames
Update the HTML with the new video filenames
Update the HTML with the new poster filenames
Update the HTML with the new source filenames
Update the HTML with data-main tags
Update the HTML with data-* tags
Update the HTML with background imgs, case there is some inline style
Update the HTML with anchors images
Update the HTML with reference in input
Update the HTML with the new img filenames in meta tags
Update the HTML with the new object filenames
Update the HTML with the new image filenames for svg xlink:href links
Update the HTML with the new image filenames for src links

[1mProcessing as HTML - dist/views/nav.html[22m
Update the HTML to reference our concat/min/revved script files
Update the HTML with the new css filenames
Update the HTML with the new img filenames
Update the HTML with the new video filenames
Update the HTML with the new poster filenames
Update the HTML with the new source filenames
Update the HTML with data-main tags
Update the HTML with data-* tags
Update the HTML with background imgs, case there is some inline style
Update the HTML with anchors images
Update the HTML with reference in input
Update the HTML with the new img filenames in meta tags
Update the HTML with the new object filenames
Update the HTML with the new image filenames for svg xlink:href links
Update the HTML with the new image filenames for src links

[1mProcessing as HTML - dist/views/orders.html[22m
Update the HTML to reference our concat/min/revved script files
Update the HTML with the new css filenames
Update the HTML with the new img filenames
Update the HTML with the new video filenames
Update the HTML with the new poster filenames
Update the HTML with the new source filenames
Update the HTML with data-main tags
Update the HTML with data-* tags
Update the HTML with background imgs, case there is some inline style
Update the HTML with anchors images
Update the HTML with reference in input
Update the HTML with the new img filenames in meta tags
Update the HTML with the new object filenames
Update the HTML with the new image filenames for svg xlink:href links
Update the HTML with the new image filenames for src links

[1mProcessing as HTML - dist/views/profile.html[22m
Update the HTML to reference our concat/min/revved script files
Update the HTML with the new css filenames
Update the HTML with the new img filenames
Update the HTML with the new video filenames
Update the HTML with the new poster filenames
Update the HTML with the new source filenames
Update the HTML with data-main tags
Update the HTML with data-* tags
Update the HTML with background imgs, case there is some inline style
Update the HTML with anchors images
Update the HTML with reference in input
Update the HTML with the new img filenames in meta tags
Update the HTML with the new object filenames
Update the HTML with the new image filenames for svg xlink:href links
Update the HTML with the new image filenames for src links

[1mProcessing as HTML - dist/views/register.html[22m
Update the HTML to reference our concat/min/revved script files
Update the HTML with the new css filenames
Update the HTML with the new img filenames
Update the HTML with the new video filenames
Update the HTML with the new poster filenames
Update the HTML with the new source filenames
Update the HTML with data-main tags
Update the HTML with data-* tags
Update the HTML with background imgs, case there is some inline style
Update the HTML with anchors images
Update the HTML with reference in input
Update the HTML with the new img filenames in meta tags
Update the HTML with the new object filenames
Update the HTML with the new image filenames for svg xlink:href links
Update the HTML with the new image filenames for src links

[1mProcessing as HTML - dist/views/serviceReports.html[22m
Update the HTML to reference our concat/min/revved script files
Update the HTML with the new css filenames
Update the HTML with the new img filenames
Update the HTML with the new video filenames
Update the HTML with the new poster filenames
Update the HTML with the new source filenames
Update the HTML with data-main tags
Update the HTML with data-* tags
Update the HTML with background imgs, case there is some inline style
Update the HTML with anchors images
Update the HTML with reference in input
Update the HTML with the new img filenames in meta tags
Update the HTML with the new object filenames
Update the HTML with the new image filenames for svg xlink:href links
Update the HTML with the new image filenames for src links

[1mProcessing as HTML - dist/views/showorder.html[22m
Update the HTML to reference our concat/min/revved script files
Update the HTML with the new css filenames
Update the HTML with the new img filenames
Update the HTML with the new video filenames
Update the HTML with the new poster filenames
Update the HTML with the new source filenames
Update the HTML with data-main tags
Update the HTML with data-* tags
Update the HTML with background imgs, case there is some inline style
Update the HTML with anchors images
Update the HTML with reference in input
Update the HTML with the new img filenames in meta tags
Update the HTML with the new object filenames
Update the HTML with the new image filenames for svg xlink:href links
Update the HTML with the new image filenames for src links

[1mProcessing as HTML - dist/views/users.html[22m
Update the HTML to reference our concat/min/revved script files
Update the HTML with the new css filenames
Update the HTML with the new img filenames
Update the HTML with the new video filenames
Update the HTML with the new poster filenames
Update the HTML with the new source filenames
Update the HTML with data-main tags
Update the HTML with data-* tags
Update the HTML with background imgs, case there is some inline style
Update the HTML with anchors images
Update the HTML with reference in input
Update the HTML with the new img filenames in meta tags
Update the HTML with the new object filenames
Update the HTML with the new image filenames for svg xlink:href links
Update the HTML with the new image filenames for src links

[4mRunning "usemin:css" (usemin) task[24m

[1mProcessing as CSS - dist/styles/main.22fd4fe8.css[22m
Update the CSS to reference our revved images

[1mProcessing as CSS - dist/styles/vendor.d684320e.css[22m
Update the CSS to reference our revved images
url(../fonts/glyphicons-halflings-regular.eot) changed to url(../fonts/glyphicons-halflings-regular.7e862de5.eot)
url(../fonts/glyphicons-halflings-regular.eot changed to url(../fonts/glyphicons-halflings-regular.7e862de5.eot
url(../fonts/glyphicons-halflings-regular.woff) changed to url(../fonts/glyphicons-halflings-regular.6b1bb734.woff)
url(../fonts/glyphicons-halflings-regular.ttf) changed to url(../fonts/glyphicons-halflings-regular.8d6dcd16.ttf)
url(../fonts/glyphicons-halflings-regular.svg changed to url(../fonts/glyphicons-halflings-regular.32941d63.svg
url(../fonts/fontawesome-webfont.eot changed to url(../fonts/fontawesome-webfont.95359e88.eot
url(../fonts/fontawesome-webfont.eot changed to url(../fonts/fontawesome-webfont.95359e88.eot
url(../fonts/fontawesome-webfont.woff changed to url(../fonts/fontawesome-webfont.d795ef01.woff
url(../fonts/fontawesome-webfont.ttf changed to url(../fonts/fontawesome-webfont.1a3d5549.ttf
url(../fonts/fontawesome-webfont.svg changed to url(../fonts/fontawesome-webfont.65bcbc89.svg

[4mRunning "htmlmin:dist" (htmlmin) task[24m
Minified dist/404.html 3.53 kB → 3.39 kB
Minified dist/index.html 3.47 kB → 3.28 kB
Minified dist/views/about.html 297 B → 265 B
Minified dist/views/contacts.html 230 B → 179 B
Minified dist/views/customers.html 13.02 kB → 10 kB
Minified dist/views/footer.html 216 B → 199 B
Minified dist/views/home.html 2.16 kB → 1.87 kB
Minified dist/views/login.html 1.61 kB → 1.41 kB
Minified dist/views/nav.html 4.01 kB → 3.61 kB
Minified dist/views/orders.html 2.51 kB → 2.25 kB
Minified dist/views/profile.html 472 B → 393 B
Minified dist/views/register.html 4.18 kB → 3.76 kB
Minified dist/views/serviceReports.html 14.66 kB → 11.51 kB
Minified dist/views/showorder.html 1.76 kB → 1.59 kB
Minified dist/views/users.html 636 B → 599 B

[32mDone, without errors.[39m


Execution Time (2014-09-09 18:03:47 UTC)
concurrent:test    2.1s  ▇▇ 3%
karma:unit         1.3s  ▇ 2%
auto_install       4.6s  ▇▇▇▇ 8%
favicons:icons    675ms  ▇ 1%
concurrent:dist    3.2s  ▇▇▇ 5%
ngmin:dist        27.1s  ▇▇▇▇▇▇▇▇▇▇▇▇▇▇▇▇▇▇▇▇ 44%
cdnify:dist       13.6s  ▇▇▇▇▇▇▇▇▇▇ 22%
uglify:generated   7.9s  ▇▇▇▇▇▇ 13%
Total 1m 1.5s

